<?xml version="1.0" encoding="utf-8"?><testsuites name="pytest tests"><testsuite name="pytest" errors="0" failures="0" skipped="0" tests="17" time="4.383" timestamp="2026-05-24T04:49:40.933574+00:00" hostname="agent-env-a03e7aae-e6b5-48d3-9fc1-ae1d80acd8bb"><testcase classname="backend.tests.test_fomerstick.TestAuth" name="test_register_returns_token" time="0.485" /><testcase classname="backend.tests.test_fomerstick.TestAuth" name="test_login_admin_ok" time="0.272" /><testcase classname="backend.tests.test_fomerstick.TestAuth" name="test_login_invalid" time="0.276" /><testcase classname="backend.tests.test_fomerstick.TestAuth" name="test_me_with_token" time="0.318" /><testcase classname="backend.tests.test_fomerstick.TestAuth" name="test_me_without_token" time="0.107" /><testcase classname="backend.tests.test_fomerstick.TestEquipment" name="test_list_public_has_seed" time="0.048" /><testcase classname="backend.tests.test_fomerstick.TestEquipment" name="test_create_equipment_admin" time="0.099" /><testcase classname="backend.tests.test_fomerstick.TestEquipment" name="test_create_equipment_forbidden_for_user" time="0.319" /><testcase classname="backend.tests.test_fomerstick.TestLoans" name="test_request_active_when_available" time="0.104" /><testcase classname="backend.tests.test_fomerstick.TestLoans" name="test_request_duplicate_blocked" time="0.047" /><testcase classname="backend.tests.test_fomerstick.TestLoans" name="test_request_queued_when_full" time="0.322" /><testcase classname="backend.tests.test_fomerstick.TestLoans" name="test_mine_lists" time="0.063" /><testcase classname="backend.tests.test_fomerstick.TestLoans" name="test_return_activates_next" time="0.102" /><testcase classname="backend.tests.test_fomerstick.TestLoans" name="test_cancel_queued" time="0.099" /><testcase classname="backend.tests.test_fomerstick.TestLoans" name="test_all_loans_admin" time="0.144" /><testcase classname="backend.tests.test_fomerstick.TestStats" name="test_stats" time="0.049" /><testcase classname="backend.tests.test_fomerstick.TestFairness" name="test_fairness_priority" time="1.405" /></testsuite></testsuites>