<?xml version="1.0" encoding="utf-8"?><testsuites name="pytest tests"><testsuite name="pytest" errors="0" failures="0" skipped="0" tests="19" time="65.217" timestamp="2026-05-24T06:03:54.539752+00:00" hostname="agent-env-a03e7aae-e6b5-48d3-9fc1-ae1d80acd8bb"><testcase classname="backend.tests.test_fomerstick.TestAuth" name="test_register_returns_token" time="1.095" /><testcase classname="backend.tests.test_fomerstick.TestAuth" name="test_login_admin_ok" time="0.694" /><testcase classname="backend.tests.test_fomerstick.TestAuth" name="test_login_invalid" time="0.694" /><testcase classname="backend.tests.test_fomerstick.TestAuth" name="test_me_with_token" time="1.170" /><testcase classname="backend.tests.test_fomerstick.TestAuth" name="test_me_without_token" time="0.135" /><testcase classname="backend.tests.test_fomerstick.TestEquipment" name="test_list_public_has_seed" time="0.473" /><testcase classname="backend.tests.test_fomerstick.TestEquipment" name="test_create_equipment_admin" time="1.803" /><testcase classname="backend.tests.test_fomerstick.TestEquipment" name="test_create_equipment_forbidden_for_user" time="1.458" /><testcase classname="backend.tests.test_fomerstick.TestLoans" name="test_request_active_when_available" time="4.929" /><testcase classname="backend.tests.test_fomerstick.TestLoans" name="test_request_duplicate_blocked" time="1.495" /><testcase classname="backend.tests.test_fomerstick.TestLoans" name="test_request_queued_when_full" time="3.585" /><testcase classname="backend.tests.test_fomerstick.TestLoans" name="test_mine_lists" time="0.898" /><testcase classname="backend.tests.test_fomerstick.TestLoans" name="test_return_activates_next" time="4.643" /><testcase classname="backend.tests.test_fomerstick.TestLoans" name="test_cancel_queued" time="4.643" /><testcase classname="backend.tests.test_fomerstick.TestLoans" name="test_all_loans_admin" time="2.264" /><testcase classname="backend.tests.test_fomerstick.TestUploads" name="test_upload_image_authenticated" time="1.304" /><testcase classname="backend.tests.test_fomerstick.TestUploads" name="test_upload_requires_auth" time="0.134" /><testcase classname="backend.tests.test_fomerstick.TestStats" name="test_stats" time="1.326" /><testcase classname="backend.tests.test_fomerstick.TestFairness" name="test_fairness_priority" time="32.380" /></testsuite></testsuites>